#
# There is insufficient memory for the Java Runtime Environment to continue.
# Native memory allocation (malloc) failed to allocate 1294896 bytes for Chunk::new
# Possible reasons:
#   The system is out of physical RAM or swap space
#   The process is running with CompressedOops enabled, and the Java Heap may be blocking the growth of the native heap
# Possible solutions:
#   Reduce memory load on the system
#   Increase physical memory or swap space
#   Check if swap backing store is full
#   Decrease Java heap size (-Xmx/-Xms)
#   Decrease number of Java threads
#   Decrease Java thread stack sizes (-Xss)
#   Set larger code cache with -XX:ReservedCodeCacheSize=
#   JVM is running with Unscaled Compressed Oops mode in which the Java heap is
#     placed in the first 4GB address space. The Java Heap base address is the
#     maximum limit for the native heap growth. Please use -XX:HeapBaseMinAddress
#     to set the Java Heap base and to place the Java Heap above 4GB virtual address.
# This output file may be truncated or incomplete.
#
#  Out of Memory Error (arena.cpp:184), pid=20280, tid=5808
#
# JRE version: OpenJDK Runtime Environment Temurin-19.0.2+7 (19.0.2+7) (build 19.0.2+7)
# Java VM: OpenJDK 64-Bit Server VM Temurin-19.0.2+7 (19.0.2+7, mixed mode, sharing, tiered, compressed oops, compressed class ptrs, g1 gc, windows-amd64)
# No core dump will be written. Minidumps are not enabled by default on client versions of Windows
#

---------------  S U M M A R Y ------------

Command Line: --add-modules=ALL-SYSTEM --add-opens=java.base/java.util=ALL-UNNAMED --add-opens=java.base/java.lang=ALL-UNNAMED -Declipse.application=org.python.pydev.pydev_lsp.application -Dosgi.bundles.defaultStartLevel=4 -Declipse.product=org.python.pydev.pydev_lsp.product -Xmx1G -XX:+UseG1GC -XX:+UseStringDeduplication c:\Users\samia\.vscode\extensions\fabioz.vscode-pydev-0.4.0\server\plugins\org.eclipse.equinox.launcher_1.6.400.v20210924-0641.jar -configuration c:\Users\samia\.vscode\extensions\fabioz.vscode-pydev-0.4.0\server\config_win -data c:\Users\samia\AppData\Roaming\Code\User\workspaceStorage\61dedd90b3c849f83ae47d194b973205\fabioz.vscode-pydev\pydev_ws

Host: AMD Athlon Silver 3050U with Radeon Graphics   , 2 cores, 17G,  Windows 11 , 64 bit Build 22621 (10.0.22621.2428)
Time: Fri Oct 27 02:15:54 2023 Pacific Daylight Time elapsed time: 5436.248972 seconds (0d 1h 30m 36s)

---------------  T H R E A D  ---------------

Current thread (0x000001eb3e111dd0):  JavaThread "C2 CompilerThread0" daemon [_thread_in_native, id=5808, stack(0x000000d43d700000,0x000000d43d800000)]


Current CompileTask:
C2:5436249 6183       4       org.eclipse.core.internal.dtree.DataTreeWriter::writeNode (182 bytes)

Stack: [0x000000d43d700000,0x000000d43d800000]
Native frames: (J=compiled Java code, j=interpreted, Vv=VM code, C=native code)
V  [jvm.dll+0x6e9e1a]
V  [jvm.dll+0x8a36c0]
V  [jvm.dll+0x8a50ae]
V  [jvm.dll+0x8a5763]
V  [jvm.dll+0x27bcdf]
V  [jvm.dll+0xc221f]
V  [jvm.dll+0xc2595]
V  [jvm.dll+0x3b7d61]
V  [jvm.dll+0x3815f1]
V  [jvm.dll+0x380a9a]
V  [jvm.dll+0x2452db]
V  [jvm.dll+0x244671]
V  [jvm.dll+0x1cf4b1]
V  [jvm.dll+0x254229]
V  [jvm.dll+0x252418]
V  [jvm.dll+0x85403d]
V  [jvm.dll+0x84de3a]
V  [jvm.dll+0x6e8abb]
C  [ucrtbase.dll+0x29363]
C  [KERNEL32.DLL+0x1257d]
C  [ntdll.dll+0x5aa78]


---------------  P R O C E S S  ---------------

Threads class SMR info:
_java_thread_list=0x000001eb3efe2be0, length=24, elements={
0x000001eb2144c4b0, 0x000001eb3e1062c0, 0x000001eb3e107da0, 0x000001eb3e10caf0,
0x000001eb3e112bc0, 0x000001eb3e113a10, 0x000001eb3e111170, 0x000001eb3e111dd0,
0x000001eb3e185d00, 0x000001eb3e186280, 0x000001eb39f3f020, 0x000001eb3e1e0c20,
0x000001eb3e9ad740, 0x000001eb3e7532b0, 0x000001eb3e7537f0, 0x000001eb3e182080,
0x000001eb3ec0f770, 0x000001eb3e427030, 0x000001eb3e424060, 0x000001eb3eebaae0,
0x000001eb3eeb6b20, 0x000001eb3eeba590, 0x000001eb3eeb45f0, 0x000001eb3eeb4b40
}

Java Threads: ( => current thread )
  0x000001eb2144c4b0 JavaThread "main" [_thread_blocked, id=6184, stack(0x000000d43c900000,0x000000d43ca00000)]
  0x000001eb3e1062c0 JavaThread "Reference Handler" daemon [_thread_blocked, id=2060, stack(0x000000d43d100000,0x000000d43d200000)]
  0x000001eb3e107da0 JavaThread "Finalizer" daemon [_thread_blocked, id=23536, stack(0x000000d43d200000,0x000000d43d300000)]
  0x000001eb3e10caf0 JavaThread "Signal Dispatcher" daemon [_thread_blocked, id=15728, stack(0x000000d43d300000,0x000000d43d400000)]
  0x000001eb3e112bc0 JavaThread "Attach Listener" daemon [_thread_blocked, id=24316, stack(0x000000d43d400000,0x000000d43d500000)]
  0x000001eb3e113a10 JavaThread "Service Thread" daemon [_thread_blocked, id=18524, stack(0x000000d43d500000,0x000000d43d600000)]
  0x000001eb3e111170 JavaThread "Monitor Deflation Thread" daemon [_thread_blocked, id=17036, stack(0x000000d43d600000,0x000000d43d700000)]
=>0x000001eb3e111dd0 JavaThread "C2 CompilerThread0" daemon [_thread_in_native, id=5808, stack(0x000000d43d700000,0x000000d43d800000)]
  0x000001eb3e185d00 JavaThread "C1 CompilerThread0" daemon [_thread_blocked, id=15836, stack(0x000000d43d800000,0x000000d43d900000)]
  0x000001eb3e186280 JavaThread "Sweeper thread" daemon [_thread_blocked, id=20492, stack(0x000000d43d900000,0x000000d43da00000)]
  0x000001eb39f3f020 JavaThread "Common-Cleaner" daemon [_thread_blocked, id=18420, stack(0x000000d43da00000,0x000000d43db00000)]
  0x000001eb3e1e0c20 JavaThread "Notification Thread" daemon [_thread_blocked, id=22880, stack(0x000000d43db00000,0x000000d43dc00000)]
  0x000001eb3e9ad740 JavaThread "Active Thread: Equinox Container: 4ca848d9-6e2e-4889-aa4b-37222c9cdcfd" [_thread_blocked, id=17692, stack(0x000000d43de00000,0x000000d43df00000)]
  0x000001eb3e7532b0 JavaThread "Framework Event Dispatcher: Equinox Container: 4ca848d9-6e2e-4889-aa4b-37222c9cdcfd" daemon [_thread_blocked, id=24248, stack(0x000000d43df00000,0x000000d43e000000)]
  0x000001eb3e7537f0 JavaThread "Start Level: Equinox Container: 4ca848d9-6e2e-4889-aa4b-37222c9cdcfd" daemon [_thread_blocked, id=21052, stack(0x000000d43e000000,0x000000d43e100000)]
  0x000001eb3e182080 JavaThread "SCR Component Actor" daemon [_thread_blocked, id=12896, stack(0x000000d43e100000,0x000000d43e200000)]
  0x000001eb3ec0f770 JavaThread "Worker-JM" [_thread_blocked, id=21596, stack(0x000000d43e300000,0x000000d43e400000)]
  0x000001eb3e427030 JavaThread "pool-2-thread-1" [_thread_blocked, id=9384, stack(0x000000d43e400000,0x000000d43e500000)]
  0x000001eb3e424060 JavaThread "pool-1-thread-1" [_thread_in_native, id=23316, stack(0x000000d43e800000,0x000000d43e900000)]
  0x000001eb3eebaae0 JavaThread "Thread-8" daemon [_thread_blocked, id=19512, stack(0x000000d43c700000,0x000000d43c800000)]
  0x000001eb3eeb6b20 JavaThread "Worker-7: Win32 refresh daemon" [_thread_in_native, id=1284, stack(0x000000d43e500000,0x000000d43e600000)]
  0x000001eb3eeba590 JavaThread "Worker-9" [_thread_blocked, id=8656, stack(0x000000d43c800000,0x000000d43c900000)]
  0x000001eb3eeb45f0 JavaThread "Thread-13" [_thread_in_Java, id=23828, stack(0x000000d43e200000,0x000000d43e300000)]
  0x000001eb3eeb4b40 JavaThread "Framework stop - Equinox Container: 4ca848d9-6e2e-4889-aa4b-37222c9cdcfd" [_thread_in_native, id=1256, stack(0x000000d43e600000,0x000000d43e700000)]

Other Threads:
  0x000001eb39f57d20 VMThread "VM Thread" [stack: 0x000000d43d000000,0x000000d43d100000] [id=20284]
  0x000001eb3e1e4e00 WatcherThread "VM Periodic Task Thread" [stack: 0x000000d43dc00000,0x000000d43dd00000] [id=13872]
  0x000001eb2148dc70 WorkerThread "GC Thread#0" [stack: 0x000000d43ca00000,0x000000d43cb00000] [id=18356]
  0x000001eb3e8f65e0 WorkerThread "GC Thread#1" [stack: 0x000000d43dd00000,0x000000d43de00000] [id=15124]
  0x000001eb21496bd0 ConcurrentGCThread "G1 Main Marker" [stack: 0x000000d43cb00000,0x000000d43cc00000] [id=16244]
  0x000001eb214977a0 WorkerThread "G1 Conc#0" [stack: 0x000000d43cc00000,0x000000d43cd00000] [id=22644]
  0x000001eb39e139c0 ConcurrentGCThread "G1 Refine#0" [stack: 0x000000d43cd00000,0x000000d43ce00000] [id=17888]
  0x000001eb39e154c0 ConcurrentGCThread "G1 Service" [stack: 0x000000d43ce00000,0x000000d43cf00000] [id=1700]
  0x000001eb39f4fce0 ConcurrentGCThread "StringDedupProcessor" [stack: 0x000000d43cf00000,0x000000d43d000000] [id=20088]

Threads with active compile tasks:
C2 CompilerThread0  5436293 6183       4       org.eclipse.core.internal.dtree.DataTreeWriter::writeNode (182 bytes)

VM state: not at safepoint (normal execution)

VM Mutex/Monitor currently owned by a thread: None

Heap address: 0x00000000c0000000, size: 1024 MB, Compressed Oops mode: 32-bit

CDS archive(s) mapped at: [0x0000000800000000-0x0000000800ad0000-0x0000000800ad0000), size 11337728, SharedBaseAddress: 0x0000000800000000, ArchiveRelocationMode: 0.
Compressed class space mapped at: 0x0000000800c00000-0x0000000840c00000, reserved size: 1073741824
Narrow klass base: 0x0000000800000000, Narrow klass shift: 0, Narrow klass range: 0x100000000

GC Precious Log:
 CardTable entry size: 512
 Card Set container configuration: InlinePtr #cards 5 size 8 Array Of Cards #cards 12 size 40 Howl #buckets 4 coarsen threshold 1843 Howl Bitmap #cards 512 size 80 coarsen threshold 460 Card regions per heap region 1 cards per card region 2048
 CPUs: 2 total, 2 available
 Memory: 18366M
 Large Page Support: Disabled
 NUMA Support: Disabled
 Compressed Oops: Enabled (32-bit)
 Heap Region Size: 1M
 Heap Min Capacity: 8M
 Heap Initial Capacity: 288M
 Heap Max Capacity: 1G
 Pre-touch: Disabled
 Parallel Workers: 2
 Concurrent Workers: 1
 Concurrent Refinement Workers: 2
 Periodic GC: Disabled
 String Deduplication is enabled

Heap:
 garbage-first heap   total 87040K, used 36829K [0x00000000c0000000, 0x0000000100000000)
  region size 1024K, 3 young (3072K), 1 survivors (1024K)
 Metaspace       used 26237K, committed 27008K, reserved 1114112K
  class space    used 2506K, committed 2880K, reserved 1048576K

Heap Regions: E=young(eden), S=young(survivor), O=old, HS=humongous(starts), HC=humongous(continues), CS=collection set, F=free, OA=open archive, CA=closed archive, TAMS=top-at-mark-start (previous, next)
|   0|0x00000000c0000000, 0x00000000c0100000, 0x00000000c0100000|100%| O|  |TAMS 0x00000000c0100000, 0x00000000c0000000| Untracked 
|   1|0x00000000c0100000, 0x00000000c0200000, 0x00000000c0200000|100%| O|  |TAMS 0x00000000c0200000, 0x00000000c0100000| Untracked 
|   2|0x00000000c0200000, 0x00000000c0300000, 0x00000000c0300000|100%| O|  |TAMS 0x00000000c0300000, 0x00000000c0200000| Untracked 
|   3|0x00000000c0300000, 0x00000000c0400000, 0x00000000c0400000|100%| O|  |TAMS 0x00000000c0400000, 0x00000000c0300000| Untracked 
|   4|0x00000000c0400000, 0x00000000c0500000, 0x00000000c0500000|100%| O|  |TAMS 0x00000000c0500000, 0x00000000c0400000| Untracked 
|   5|0x00000000c0500000, 0x00000000c0600000, 0x00000000c0600000|100%| O|  |TAMS 0x00000000c0600000, 0x00000000c0500000| Untracked 
|   6|0x00000000c0600000, 0x00000000c0600000, 0x00000000c0700000|  0%| F|  |TAMS 0x00000000c0600000, 0x00000000c0600000| Untracked 
|   7|0x00000000c0700000, 0x00000000c0800000, 0x00000000c0800000|100%| O|  |TAMS 0x00000000c0800000, 0x00000000c0700000| Untracked 
|   8|0x00000000c0800000, 0x00000000c0900000, 0x00000000c0900000|100%| O|  |TAMS 0x00000000c0900000, 0x00000000c0800000| Untracked 
|   9|0x00000000c0900000, 0x00000000c0a00000, 0x00000000c0a00000|100%| O|  |TAMS 0x00000000c0a00000, 0x00000000c0900000| Untracked 
|  10|0x00000000c0a00000, 0x00000000c0b00000, 0x00000000c0b00000|100%| O|  |TAMS 0x00000000c0b00000, 0x00000000c0a00000| Untracked 
|  11|0x00000000c0b00000, 0x00000000c0c00000, 0x00000000c0c00000|100%| O|  |TAMS 0x00000000c0c00000, 0x00000000c0b00000| Untracked 
|  12|0x00000000c0c00000, 0x00000000c0d00000, 0x00000000c0d00000|100%| O|  |TAMS 0x00000000c0d00000, 0x00000000c0c00000| Untracked 
|  13|0x00000000c0d00000, 0x00000000c0e00000, 0x00000000c0e00000|100%| O|  |TAMS 0x00000000c0e00000, 0x00000000c0d00000| Untracked 
|  14|0x00000000c0e00000, 0x00000000c0f00000, 0x00000000c0f00000|100%| O|  |TAMS 0x00000000c0f00000, 0x00000000c0e00000| Untracked 
|  15|0x00000000c0f00000, 0x00000000c0f00000, 0x00000000c1000000|  0%| F|  |TAMS 0x00000000c0f00000, 0x00000000c0f00000| Untracked 
|  16|0x00000000c1000000, 0x00000000c1100000, 0x00000000c1100000|100%| O|  |TAMS 0x00000000c1100000, 0x00000000c1000000| Untracked 
|  17|0x00000000c1100000, 0x00000000c1200000, 0x00000000c1200000|100%| O|  |TAMS 0x00000000c1200000, 0x00000000c1100000| Untracked 
|  18|0x00000000c1200000, 0x00000000c1300000, 0x00000000c1300000|100%| O|  |TAMS 0x00000000c1300000, 0x00000000c1200000| Untracked 
|  19|0x00000000c1300000, 0x00000000c1300000, 0x00000000c1400000|  0%| F|  |TAMS 0x00000000c1300000, 0x00000000c1300000| Untracked 
|  20|0x00000000c1400000, 0x00000000c1500000, 0x00000000c1500000|100%| O|  |TAMS 0x00000000c1406e00, 0x00000000c1400000| Untracked 
|  21|0x00000000c1500000, 0x00000000c1600000, 0x00000000c1600000|100%| O|  |TAMS 0x00000000c1600000, 0x00000000c1500000| Untracked 
|  22|0x00000000c1600000, 0x00000000c1700000, 0x00000000c1700000|100%| O|  |TAMS 0x00000000c1700000, 0x00000000c1600000| Untracked 
|  23|0x00000000c1700000, 0x00000000c1800000, 0x00000000c1800000|100%| O|  |TAMS 0x00000000c1800000, 0x00000000c1700000| Untracked 
|  24|0x00000000c1800000, 0x00000000c1900000, 0x00000000c1900000|100%| O|  |TAMS 0x00000000c1900000, 0x00000000c1800000| Untracked 
|  25|0x00000000c1900000, 0x00000000c1a00000, 0x00000000c1a00000|100%| O|  |TAMS 0x00000000c1a00000, 0x00000000c1900000| Untracked 
|  26|0x00000000c1a00000, 0x00000000c1a00000, 0x00000000c1b00000|  0%| F|  |TAMS 0x00000000c1a00000, 0x00000000c1a00000| Untracked 
|  27|0x00000000c1b00000, 0x00000000c1b00000, 0x00000000c1c00000|  0%| F|  |TAMS 0x00000000c1b00000, 0x00000000c1b00000| Untracked 
|  28|0x00000000c1c00000, 0x00000000c1d00000, 0x00000000c1d00000|100%| O|  |TAMS 0x00000000c1c00000, 0x00000000c1c00000| Untracked 
|  29|0x00000000c1d00000, 0x00000000c1d00000, 0x00000000c1e00000|  0%| F|  |TAMS 0x00000000c1d00000, 0x00000000c1d00000| Untracked 
|  30|0x00000000c1e00000, 0x00000000c1e00000, 0x00000000c1f00000|  0%| F|  |TAMS 0x00000000c1e00000, 0x00000000c1e00000| Untracked 
|  31|0x00000000c1f00000, 0x00000000c1f00000, 0x00000000c2000000|  0%| F|  |TAMS 0x00000000c1f00000, 0x00000000c1f00000| Untracked 
|  32|0x00000000c2000000, 0x00000000c2100000, 0x00000000c2100000|100%| O|  |TAMS 0x00000000c2100000, 0x00000000c2000000| Untracked 
|  33|0x00000000c2100000, 0x00000000c2200000, 0x00000000c2200000|100%| O|  |TAMS 0x00000000c2200000, 0x00000000c2100000| Untracked 
|  34|0x00000000c2200000, 0x00000000c2300000, 0x00000000c2300000|100%| O|  |TAMS 0x00000000c2300000, 0x00000000c2200000| Untracked 
|  35|0x00000000c2300000, 0x00000000c2400000, 0x00000000c2400000|100%| O|  |TAMS 0x00000000c2400000, 0x00000000c2300000| Untracked 
|  36|0x00000000c2400000, 0x00000000c2500000, 0x00000000c2500000|100%| O|  |TAMS 0x00000000c2400000, 0x00000000c2400000| Untracked 
|  37|0x00000000c2500000, 0x00000000c25f8800, 0x00000000c2600000| 97%| O|  |TAMS 0x00000000c2500000, 0x00000000c2500000| Untracked 
|  38|0x00000000c2600000, 0x00000000c2600000, 0x00000000c2700000|  0%| F|  |TAMS 0x00000000c2600000, 0x00000000c2600000| Untracked 
|  39|0x00000000c2700000, 0x00000000c2700000, 0x00000000c2800000|  0%| F|  |TAMS 0x00000000c2700000, 0x00000000c2700000| Untracked 
|  40|0x00000000c2800000, 0x00000000c2800000, 0x00000000c2900000|  0%| F|  |TAMS 0x00000000c2800000, 0x00000000c2800000| Untracked 
|  41|0x00000000c2900000, 0x00000000c2a00000, 0x00000000c2a00000|100%| O|  |TAMS 0x00000000c2a00000, 0x00000000c2900000| Untracked 
|  42|0x00000000c2a00000, 0x00000000c2b00000, 0x00000000c2b00000|100%| O|  |TAMS 0x00000000c2b00000, 0x00000000c2a00000| Untracked 
|  43|0x00000000c2b00000, 0x00000000c2bfed10, 0x00000000c2c00000| 99%| S|CS|TAMS 0x00000000c2b00000, 0x00000000c2b00000| Complete 
|  44|0x00000000c2c00000, 0x00000000c2c00000, 0x00000000c2d00000|  0%| F|  |TAMS 0x00000000c2c00000, 0x00000000c2c00000| Untracked 
|  45|0x00000000c2d00000, 0x00000000c2d00000, 0x00000000c2e00000|  0%| F|  |TAMS 0x00000000c2d00000, 0x00000000c2d00000| Untracked 
|  46|0x00000000c2e00000, 0x00000000c2e00000, 0x00000000c2f00000|  0%| F|  |TAMS 0x00000000c2e00000, 0x00000000c2e00000| Untracked 
|  47|0x00000000c2f00000, 0x00000000c2f00000, 0x00000000c3000000|  0%| F|  |TAMS 0x00000000c2f00000, 0x00000000c2f00000| Untracked 
|  48|0x00000000c3000000, 0x00000000c3000000, 0x00000000c3100000|  0%| F|  |TAMS 0x00000000c3000000, 0x00000000c3000000| Untracked 
|  49|0x00000000c3100000, 0x00000000c3100000, 0x00000000c3200000|  0%| F|  |TAMS 0x00000000c3100000, 0x00000000c3100000| Untracked 
|  50|0x00000000c3200000, 0x00000000c3200000, 0x00000000c3300000|  0%| F|  |TAMS 0x00000000c3200000, 0x00000000c3200000| Untracked 
|  51|0x00000000c3300000, 0x00000000c3300000, 0x00000000c3400000|  0%| F|  |TAMS 0x00000000c3300000, 0x00000000c3300000| Untracked 
|  52|0x00000000c3400000, 0x00000000c3400000, 0x00000000c3500000|  0%| F|  |TAMS 0x00000000c3400000, 0x00000000c3400000| Untracked 
|  53|0x00000000c3500000, 0x00000000c3500000, 0x00000000c3600000|  0%| F|  |TAMS 0x00000000c3500000, 0x00000000c3500000| Untracked 
|  54|0x00000000c3600000, 0x00000000c3600000, 0x00000000c3700000|  0%| F|  |TAMS 0x00000000c3600000, 0x00000000c3600000| Untracked 
|  55|0x00000000c3700000, 0x00000000c3700000, 0x00000000c3800000|  0%| F|  |TAMS 0x00000000c3700000, 0x00000000c3700000| Untracked 
|  56|0x00000000c3800000, 0x00000000c3800000, 0x00000000c3900000|  0%| F|  |TAMS 0x00000000c3800000, 0x00000000c3800000| Untracked 
|  57|0x00000000c3900000, 0x00000000c3900000, 0x00000000c3a00000|  0%| F|  |TAMS 0x00000000c3900000, 0x00000000c3900000| Untracked 
|  58|0x00000000c3a00000, 0x00000000c3a00000, 0x00000000c3b00000|  0%| F|  |TAMS 0x00000000c3a00000, 0x00000000c3a00000| Untracked 
|  59|0x00000000c3b00000, 0x00000000c3b00000, 0x00000000c3c00000|  0%| F|  |TAMS 0x00000000c3b00000, 0x00000000c3b00000| Untracked 
|  60|0x00000000c3c00000, 0x00000000c3c00000, 0x00000000c3d00000|  0%| F|  |TAMS 0x00000000c3c00000, 0x00000000c3c00000| Untracked 
|  61|0x00000000c3d00000, 0x00000000c3d00000, 0x00000000c3e00000|  0%| F|  |TAMS 0x00000000c3d00000, 0x00000000c3d00000| Untracked 
|  62|0x00000000c3e00000, 0x00000000c3e00000, 0x00000000c3f00000|  0%| F|  |TAMS 0x00000000c3e00000, 0x00000000c3e00000| Untracked 
|  63|0x00000000c3f00000, 0x00000000c3f00000, 0x00000000c4000000|  0%| F|  |TAMS 0x00000000c3f00000, 0x00000000c3f00000| Untracked 
|  64|0x00000000c4000000, 0x00000000c4000000, 0x00000000c4100000|  0%| F|  |TAMS 0x00000000c4000000, 0x00000000c4000000| Untracked 
|  65|0x00000000c4100000, 0x00000000c4100000, 0x00000000c4200000|  0%| F|  |TAMS 0x00000000c4100000, 0x00000000c4100000| Untracked 
|  66|0x00000000c4200000, 0x00000000c4200000, 0x00000000c4300000|  0%| F|  |TAMS 0x00000000c4200000, 0x00000000c4200000| Untracked 
|  67|0x00000000c4300000, 0x00000000c4300000, 0x00000000c4400000|  0%| F|  |TAMS 0x00000000c4300000, 0x00000000c4300000| Untracked 
|  68|0x00000000c4400000, 0x00000000c4400000, 0x00000000c4500000|  0%| F|  |TAMS 0x00000000c4400000, 0x00000000c4400000| Untracked 
|  69|0x00000000c4500000, 0x00000000c4500000, 0x00000000c4600000|  0%| F|  |TAMS 0x00000000c4500000, 0x00000000c4500000| Untracked 
|  70|0x00000000c4600000, 0x00000000c4600000, 0x00000000c4700000|  0%| F|  |TAMS 0x00000000c4600000, 0x00000000c4600000| Untracked 
|  71|0x00000000c4700000, 0x00000000c4700000, 0x00000000c4800000|  0%| F|  |TAMS 0x00000000c4700000, 0x00000000c4700000| Untracked 
|  72|0x00000000c4800000, 0x00000000c4800000, 0x00000000c4900000|  0%| F|  |TAMS 0x00000000c4800000, 0x00000000c4800000| Untracked 
|  73|0x00000000c4900000, 0x00000000c4900000, 0x00000000c4a00000|  0%| F|  |TAMS 0x00000000c4900000, 0x00000000c4900000| Untracked 
|  74|0x00000000c4a00000, 0x00000000c4a00000, 0x00000000c4b00000|  0%| F|  |TAMS 0x00000000c4a00000, 0x00000000c4a00000| Untracked 
|  75|0x00000000c4b00000, 0x00000000c4b00000, 0x00000000c4c00000|  0%| F|  |TAMS 0x00000000c4b00000, 0x00000000c4b00000| Untracked 
|  76|0x00000000c4c00000, 0x00000000c4c00000, 0x00000000c4d00000|  0%| F|  |TAMS 0x00000000c4c00000, 0x00000000c4c00000| Untracked 
|  77|0x00000000c4d00000, 0x00000000c4d00000, 0x00000000c4e00000|  0%| F|  |TAMS 0x00000000c4d00000, 0x00000000c4d00000| Untracked 
| 168|0x00000000ca800000, 0x00000000ca800000, 0x00000000ca900000|  0%| F|  |TAMS 0x00000000ca800000, 0x00000000ca800000| Untracked 
| 169|0x00000000ca900000, 0x00000000ca900000, 0x00000000caa00000|  0%| F|  |TAMS 0x00000000ca900000, 0x00000000ca900000| Untracked 
| 170|0x00000000caa00000, 0x00000000caa00000, 0x00000000cab00000|  0%| F|  |TAMS 0x00000000caa00000, 0x00000000caa00000| Untracked 
| 171|0x00000000cab00000, 0x00000000cabdccd0, 0x00000000cac00000| 86%| E|  |TAMS 0x00000000cab00000, 0x00000000cab00000| Complete 
| 172|0x00000000cac00000, 0x00000000cad00000, 0x00000000cad00000|100%| E|CS|TAMS 0x00000000cac00000, 0x00000000cac00000| Complete 
|1022|0x00000000ffe00000, 0x00000000fff00000, 0x00000000fff00000|100%| O|  |TAMS 0x00000000fff00000, 0x00000000ffe00000| Untracked 
|1023|0x00000000fff00000, 0x0000000100000000, 0x0000000100000000|100%| O|  |TAMS 0x0000000100000000, 0x00000000fff00000| Untracked 

Card table byte_map: [0x000001eb21210000,0x000001eb21410000] _byte_map_base: 0x000001eb20c10000

Marking Bits (Prev, Next): (CMBitMap*) 0x000001eb2148e2e0, (CMBitMap*) 0x000001eb2148e2a0
 Prev Bits: [0x000001eb36b20000, 0x000001eb37b20000)
 Next Bits: [0x000001eb35b20000, 0x000001eb36b20000)

Polling page: 0x000001eb1f320000

Metaspace:

Usage:
  Non-class:     23.18 MB used.
      Class:      2.45 MB used.
       Both:     25.62 MB used.

Virtual space:
  Non-class space:       64.00 MB reserved,      23.56 MB ( 37%) committed,  1 nodes.
      Class space:        1.00 GB reserved,       2.81 MB ( <1%) committed,  1 nodes.
             Both:        1.06 GB reserved,      26.38 MB (  2%) committed. 

Chunk freelists:
   Non-Class:  3.93 MB
       Class:  1.05 MB
        Both:  4.98 MB

MaxMetaspaceSize: unlimited
CompressedClassSpaceSize: 1.00 GB
Initial GC threshold: 21.00 MB
Current GC threshold: 44.00 MB
CDS: on
MetaspaceReclaimPolicy: balanced
 - commit_granule_bytes: 65536.
 - commit_granule_words: 8192.
 - virtual_space_node_default_size: 8388608.
 - enlarge_chunks_in_place: 1.
 - new_chunks_are_fully_committed: 0.
 - uncommit_free_chunks: 1.
 - use_allocation_guard: 0.


Internal statistics:

num_allocs_failed_limit: 3.
num_arena_births: 368.
num_arena_deaths: 82.
num_vsnodes_births: 2.
num_vsnodes_deaths: 0.
num_space_committed: 422.
num_space_uncommitted: 0.
num_chunks_returned_to_freelist: 86.
num_chunks_taken_from_freelist: 1389.
num_chunk_merges: 19.
num_chunk_splits: 897.
num_chunks_enlarged: 570.
num_inconsistent_stats: 0.

CodeHeap 'non-profiled nmethods': size=120064Kb used=4947Kb max_used=4947Kb free=115116Kb
 bounds [0x000001eb2e3e0000, 0x000001eb2e8c0000, 0x000001eb35920000]
CodeHeap 'profiled nmethods': size=120000Kb used=10077Kb max_used=10706Kb free=109923Kb
 bounds [0x000001eb26920000, 0x000001eb273a0000, 0x000001eb2de50000]
CodeHeap 'non-nmethods': size=5696Kb used=1345Kb max_used=1395Kb free=4350Kb
 bounds [0x000001eb2de50000, 0x000001eb2e0c0000, 0x000001eb2e3e0000]
 total_blobs=5503 nmethods=4924 adapters=489
 compilation: enabled
              stopped_count=0, restarted_count=0
 full_count=0

Compilation events (20 events):
Event: 5436.016 Thread 0x000001eb3e185d00 6169       3       java.io.OutputStream::write (34 bytes)
Event: 5436.016 Thread 0x000001eb3e185d00 nmethod 6169 0x000001eb269a1b10 code [0x000001eb269a1ce0, 0x000001eb269a2158]
Event: 5436.016 Thread 0x000001eb3e185d00 6171       3       java.io.DataOutputStream::writeByte (14 bytes)
Event: 5436.016 Thread 0x000001eb3e185d00 nmethod 6171 0x000001eb269a1310 code [0x000001eb269a14c0, 0x000001eb269a1748]
Event: 5436.016 Thread 0x000001eb3e185d00 6172       3       org.eclipse.core.internal.dtree.DataTreeWriter::writeNumber (47 bytes)
Event: 5436.017 Thread 0x000001eb3e185d00 nmethod 6172 0x000001eb27016210 code [0x000001eb270163e0, 0x000001eb27016808]
Event: 5436.017 Thread 0x000001eb3e185d00 6173       2       java.io.DataOutputStream::writeLong (118 bytes)
Event: 5436.017 Thread 0x000001eb3e185d00 nmethod 6173 0x000001eb27015910 code [0x000001eb27015ac0, 0x000001eb27015da8]
Event: 5436.017 Thread 0x000001eb3e185d00 6175       3       java.io.DataOutputStream::writeInt (62 bytes)
Event: 5436.017 Thread 0x000001eb3e185d00 nmethod 6175 0x000001eb26f44e90 code [0x000001eb26f45060, 0x000001eb26f453a8]
Event: 5436.018 Thread 0x000001eb3e185d00 6176       3       org.eclipse.core.internal.resources.SaveManager::writeElement (36 bytes)
Event: 5436.019 Thread 0x000001eb3e185d00 nmethod 6176 0x000001eb26f44410 code [0x000001eb26f44620, 0x000001eb26f44c28]
Event: 5436.080 Thread 0x000001eb3e111dd0 nmethod 6166 0x000001eb2e8a9510 code [0x000001eb2e8a99a0, 0x000001eb2e8ac9d0]
Event: 5436.080 Thread 0x000001eb3e111dd0 6170       4       java.io.DataOutputStream::writeUTF (411 bytes)
Event: 5436.146 Thread 0x000001eb3e111dd0 nmethod 6170 0x000001eb2e8ae790 code [0x000001eb2e8aea60, 0x000001eb2e8b1388]
Event: 5436.146 Thread 0x000001eb3e111dd0 6180       4       java.io.DataOutputStream::writeByte (14 bytes)
Event: 5436.162 Thread 0x000001eb3e111dd0 nmethod 6180 0x000001eb2e8b2710 code [0x000001eb2e8b2980, 0x000001eb2e8b3808]
Event: 5436.163 Thread 0x000001eb3e111dd0 6181       4       org.eclipse.core.internal.dtree.DataTreeWriter::writeNumber (47 bytes)
Event: 5436.164 Thread 0x000001eb3e111dd0 nmethod 6181 0x000001eb2e8b4390 code [0x000001eb2e8b4540, 0x000001eb2e8b46e8]
Event: 5436.164 Thread 0x000001eb3e111dd0 6183       4       org.eclipse.core.internal.dtree.DataTreeWriter::writeNode (182 bytes)

GC Heap History (20 events):
Event: 1795.349 GC heap before
{Heap before GC invocations=59 (full 0):
 garbage-first heap   total 87040K, used 75459K [0x00000000c0000000, 0x0000000100000000)
  region size 1024K, 40 young (40960K), 1 survivors (1024K)
 Metaspace       used 26169K, committed 27008K, reserved 1114112K
  class space    used 2499K, committed 2880K, reserved 1048576K
}
Event: 1795.352 GC heap after
{Heap after GC invocations=60 (full 0):
 garbage-first heap   total 87040K, used 35311K [0x00000000c0000000, 0x0000000100000000)
  region size 1024K, 1 young (1024K), 1 survivors (1024K)
 Metaspace       used 26169K, committed 27008K, reserved 1114112K
  class space    used 2499K, committed 2880K, reserved 1048576K
}
Event: 1808.992 GC heap before
{Heap before GC invocations=60 (full 0):
 garbage-first heap   total 87040K, used 75247K [0x00000000c0000000, 0x0000000100000000)
  region size 1024K, 40 young (40960K), 1 survivors (1024K)
 Metaspace       used 26169K, committed 27008K, reserved 1114112K
  class space    used 2499K, committed 2880K, reserved 1048576K
}
Event: 1808.995 GC heap after
{Heap after GC invocations=61 (full 0):
 garbage-first heap   total 87040K, used 35488K [0x00000000c0000000, 0x0000000100000000)
  region size 1024K, 1 young (1024K), 1 survivors (1024K)
 Metaspace       used 26169K, committed 27008K, reserved 1114112K
  class space    used 2499K, committed 2880K, reserved 1048576K
}
Event: 2192.707 GC heap before
{Heap before GC invocations=61 (full 0):
 garbage-first heap   total 87040K, used 74400K [0x00000000c0000000, 0x0000000100000000)
  region size 1024K, 40 young (40960K), 1 survivors (1024K)
 Metaspace       used 26170K, committed 27008K, reserved 1114112K
  class space    used 2499K, committed 2880K, reserved 1048576K
}
Event: 2192.713 GC heap after
{Heap after GC invocations=62 (full 0):
 garbage-first heap   total 87040K, used 35428K [0x00000000c0000000, 0x0000000100000000)
  region size 1024K, 1 young (1024K), 1 survivors (1024K)
 Metaspace       used 26170K, committed 27008K, reserved 1114112K
  class space    used 2499K, committed 2880K, reserved 1048576K
}
Event: 2197.084 GC heap before
{Heap before GC invocations=62 (full 0):
 garbage-first heap   total 87040K, used 75364K [0x00000000c0000000, 0x0000000100000000)
  region size 1024K, 40 young (40960K), 1 survivors (1024K)
 Metaspace       used 26170K, committed 27008K, reserved 1114112K
  class space    used 2499K, committed 2880K, reserved 1048576K
}
Event: 2197.092 GC heap after
{Heap after GC invocations=63 (full 0):
 garbage-first heap   total 87040K, used 37505K [0x00000000c0000000, 0x0000000100000000)
  region size 1024K, 3 young (3072K), 3 survivors (3072K)
 Metaspace       used 26170K, committed 27008K, reserved 1114112K
  class space    used 2499K, committed 2880K, reserved 1048576K
}
Event: 2517.399 GC heap before
{Heap before GC invocations=63 (full 0):
 garbage-first heap   total 87040K, used 73345K [0x00000000c0000000, 0x0000000100000000)
  region size 1024K, 38 young (38912K), 3 survivors (3072K)
 Metaspace       used 26170K, committed 27008K, reserved 1114112K
  class space    used 2499K, committed 2880K, reserved 1048576K
}
Event: 2517.401 GC heap after
{Heap after GC invocations=64 (full 0):
 garbage-first heap   total 87040K, used 35213K [0x00000000c0000000, 0x0000000100000000)
  region size 1024K, 1 young (1024K), 1 survivors (1024K)
 Metaspace       used 26170K, committed 27008K, reserved 1114112K
  class space    used 2499K, committed 2880K, reserved 1048576K
}
Event: 3978.004 GC heap before
{Heap before GC invocations=64 (full 0):
 garbage-first heap   total 87040K, used 73101K [0x00000000c0000000, 0x0000000100000000)
  region size 1024K, 38 young (38912K), 1 survivors (1024K)
 Metaspace       used 26176K, committed 27008K, reserved 1114112K
  class space    used 2499K, committed 2880K, reserved 1048576K
}
Event: 3978.008 GC heap after
{Heap after GC invocations=65 (full 0):
 garbage-first heap   total 87040K, used 35079K [0x00000000c0000000, 0x0000000100000000)
  region size 1024K, 1 young (1024K), 1 survivors (1024K)
 Metaspace       used 26176K, committed 27008K, reserved 1114112K
  class space    used 2499K, committed 2880K, reserved 1048576K
}
Event: 3986.650 GC heap before
{Heap before GC invocations=65 (full 0):
 garbage-first heap   total 87040K, used 73991K [0x00000000c0000000, 0x0000000100000000)
  region size 1024K, 39 young (39936K), 1 survivors (1024K)
 Metaspace       used 26176K, committed 27008K, reserved 1114112K
  class space    used 2499K, committed 2880K, reserved 1048576K
}
Event: 3986.653 GC heap after
{Heap after GC invocations=66 (full 0):
 garbage-first heap   total 87040K, used 35129K [0x00000000c0000000, 0x0000000100000000)
  region size 1024K, 1 young (1024K), 1 survivors (1024K)
 Metaspace       used 26176K, committed 27008K, reserved 1114112K
  class space    used 2499K, committed 2880K, reserved 1048576K
}
Event: 3997.149 GC heap before
{Heap before GC invocations=66 (full 0):
 garbage-first heap   total 87040K, used 74041K [0x00000000c0000000, 0x0000000100000000)
  region size 1024K, 39 young (39936K), 1 survivors (1024K)
 Metaspace       used 26176K, committed 27008K, reserved 1114112K
  class space    used 2499K, committed 2880K, reserved 1048576K
}
Event: 3997.152 GC heap after
{Heap after GC invocations=67 (full 0):
 garbage-first heap   total 87040K, used 35525K [0x00000000c0000000, 0x0000000100000000)
  region size 1024K, 1 young (1024K), 1 survivors (1024K)
 Metaspace       used 26176K, committed 27008K, reserved 1114112K
  class space    used 2499K, committed 2880K, reserved 1048576K
}
Event: 4010.101 GC heap before
{Heap before GC invocations=67 (full 0):
 garbage-first heap   total 87040K, used 74437K [0x00000000c0000000, 0x0000000100000000)
  region size 1024K, 39 young (39936K), 1 survivors (1024K)
 Metaspace       used 26176K, committed 27008K, reserved 1114112K
  class space    used 2499K, committed 2880K, reserved 1048576K
}
Event: 4010.103 GC heap after
{Heap after GC invocations=68 (full 0):
 garbage-first heap   total 87040K, used 35089K [0x00000000c0000000, 0x0000000100000000)
  region size 1024K, 1 young (1024K), 1 survivors (1024K)
 Metaspace       used 26176K, committed 27008K, reserved 1114112K
  class space    used 2499K, committed 2880K, reserved 1048576K
}
Event: 4773.961 GC heap before
{Heap before GC invocations=68 (full 0):
 garbage-first heap   total 87040K, used 75025K [0x00000000c0000000, 0x0000000100000000)
  region size 1024K, 40 young (40960K), 1 survivors (1024K)
 Metaspace       used 26187K, committed 27008K, reserved 1114112K
  class space    used 2499K, committed 2880K, reserved 1048576K
}
Event: 4773.964 GC heap after
{Heap after GC invocations=69 (full 0):
 garbage-first heap   total 87040K, used 34884K [0x00000000c0000000, 0x0000000100000000)
  region size 1024K, 1 young (1024K), 1 survivors (1024K)
 Metaspace       used 26187K, committed 27008K, reserved 1114112K
  class space    used 2499K, committed 2880K, reserved 1048576K
}

Dll operation events (9 events):
Event: 0.644 Loaded shared library C:\Users\samia\.pydev_vscode\java19\jdk-19.0.2+7-jre\bin\java.dll
Event: 1.044 Loaded shared library C:\Users\samia\.pydev_vscode\java19\jdk-19.0.2+7-jre\bin\jsvml.dll
Event: 2.508 Loaded shared library C:\Users\samia\.pydev_vscode\java19\jdk-19.0.2+7-jre\bin\net.dll
Event: 2.714 Loaded shared library C:\Users\samia\.pydev_vscode\java19\jdk-19.0.2+7-jre\bin\nio.dll
Event: 2.833 Loaded shared library C:\Users\samia\.pydev_vscode\java19\jdk-19.0.2+7-jre\bin\zip.dll
Event: 3.111 Loaded shared library C:\Users\samia\.pydev_vscode\java19\jdk-19.0.2+7-jre\bin\jimage.dll
Event: 8.113 Loaded shared library C:\Users\samia\.vscode\extensions\fabioz.vscode-pydev-0.4.0\server\plugins\org.eclipse.equinox.launcher.win32.win32.x86_64_1.2.700.v20221108-1024\eclipse_11801.dll
Event: 23.171 Loaded shared library C:\Users\samia\.vscode\extensions\fabioz.vscode-pydev-0.4.0\server\config_win\org.eclipse.osgi\15\0\.cp\os\win32\x86_64\localfile_1_0_0.dll
Event: 23.733 Loaded shared library C:\Users\samia\.vscode\extensions\fabioz.vscode-pydev-0.4.0\server\config_win\org.eclipse.osgi\18\0\.cp\os\win32\x86_64\win32refresh.dll

Deoptimization events (20 events):
Event: 5436.011 Thread 0x000001eb3eeb45f0 Uncommon trap: trap_request=0xffffffde fr.pc=0x000001eb2e894288 relative=0x00000000000011c8
Event: 5436.011 Thread 0x000001eb3eeb45f0 Uncommon trap: reason=class_check action=maybe_recompile pc=0x000001eb2e894288 method=java.io.DataOutputStream.write([BII)V @ 7 c2
Event: 5436.011 Thread 0x000001eb3eeb45f0 DEOPT PACKING pc=0x000001eb2e894288 sp=0x000000d43e2fe780
Event: 5436.011 Thread 0x000001eb3eeb45f0 DEOPT UNPACKING pc=0x000001eb2deb6da3 sp=0x000000d43e2fe6c0 mode 2
Event: 5436.011 Thread 0x000001eb3eeb45f0 Uncommon trap: trap_request=0xffffffde fr.pc=0x000001eb2e7ce6b4 relative=0x00000000000025f4
Event: 5436.011 Thread 0x000001eb3eeb45f0 Uncommon trap: reason=class_check action=maybe_recompile pc=0x000001eb2e7ce6b4 method=org.eclipse.core.internal.resources.SaveManager.writeElement(Lorg/eclipse/core/runtime/IPath;Ljava/lang/Object;Ljava/io/DataOutput;)V @ 13 c2
Event: 5436.011 Thread 0x000001eb3eeb45f0 DEOPT PACKING pc=0x000001eb2e7ce6b4 sp=0x000000d43e2fe750
Event: 5436.011 Thread 0x000001eb3eeb45f0 DEOPT UNPACKING pc=0x000001eb2deb6da3 sp=0x000000d43e2fe728 mode 2
Event: 5436.011 Thread 0x000001eb3eeb45f0 Uncommon trap: trap_request=0xffffffde fr.pc=0x000001eb2e7bd358 relative=0x00000000000005b8
Event: 5436.011 Thread 0x000001eb3eeb45f0 Uncommon trap: reason=class_check action=maybe_recompile pc=0x000001eb2e7bd358 method=java.io.DataOutputStream.writeLong(J)V @ 108 c2
Event: 5436.011 Thread 0x000001eb3eeb45f0 DEOPT PACKING pc=0x000001eb2e7bd358 sp=0x000000d43e2fe670
Event: 5436.011 Thread 0x000001eb3eeb45f0 DEOPT UNPACKING pc=0x000001eb2deb6da3 sp=0x000000d43e2fe620 mode 2
Event: 5436.011 Thread 0x000001eb3eeb45f0 Uncommon trap: trap_request=0xffffffde fr.pc=0x000001eb2e8970fc relative=0x00000000000005dc
Event: 5436.011 Thread 0x000001eb3eeb45f0 Uncommon trap: reason=class_check action=maybe_recompile pc=0x000001eb2e8970fc method=java.io.DataOutputStream.write([BII)V @ 7 c2
Event: 5436.011 Thread 0x000001eb3eeb45f0 DEOPT PACKING pc=0x000001eb2e8970fc sp=0x000000d43e2fe630
Event: 5436.011 Thread 0x000001eb3eeb45f0 DEOPT UNPACKING pc=0x000001eb2deb6da3 sp=0x000000d43e2fe5f8 mode 2
Event: 5436.011 Thread 0x000001eb3eeb45f0 Uncommon trap: trap_request=0xffffffde fr.pc=0x000001eb2e7cdb54 relative=0x0000000000001a94
Event: 5436.011 Thread 0x000001eb3eeb45f0 Uncommon trap: reason=class_check action=maybe_recompile pc=0x000001eb2e7cdb54 method=java.io.DataOutputStream.writeInt(I)V @ 53 c2
Event: 5436.011 Thread 0x000001eb3eeb45f0 DEOPT PACKING pc=0x000001eb2e7cdb54 sp=0x000000d43e2fe6a0
Event: 5436.011 Thread 0x000001eb3eeb45f0 DEOPT UNPACKING pc=0x000001eb2deb6da3 sp=0x000000d43e2fe5f8 mode 2

Classes loaded (20 events):
Event: 344.610 Loading class sun/util/locale/provider/TimeZoneNameUtility$TimeZoneNameGetter
Event: 344.610 Loading class sun/util/locale/provider/TimeZoneNameUtility$TimeZoneNameGetter done
Event: 344.617 Loading class sun/util/cldr/CLDRTimeZoneNameProviderImpl
Event: 344.617 Loading class sun/util/locale/provider/TimeZoneNameProviderImpl
Event: 344.617 Loading class sun/util/locale/provider/TimeZoneNameProviderImpl done
Event: 344.617 Loading class sun/util/cldr/CLDRTimeZoneNameProviderImpl done
Event: 344.671 Loading class sun/util/locale/provider/BaseLocaleDataMetaInfo
Event: 344.671 Loading class sun/util/locale/provider/BaseLocaleDataMetaInfo done
Event: 344.675 Loading class sun/util/resources/cldr/TimeZoneNames
Event: 344.676 Loading class sun/util/resources/TimeZoneNamesBundle
Event: 344.676 Loading class sun/util/resources/OpenListResourceBundle
Event: 344.676 Loading class sun/util/resources/OpenListResourceBundle done
Event: 344.677 Loading class sun/util/resources/TimeZoneNamesBundle done
Event: 344.677 Loading class sun/util/resources/cldr/TimeZoneNames done
Event: 344.681 Loading class sun/util/resources/cldr/TimeZoneNames_en
Event: 344.682 Loading class sun/util/resources/cldr/TimeZoneNames_en done
Event: 344.683 Loading class sun/util/resources/cldr/TimeZoneNames_en_US
Event: 344.683 Loading class sun/util/resources/cldr/TimeZoneNames_en_US done
Event: 5435.643 Loading class java/io/FileReader
Event: 5435.644 Loading class java/io/FileReader done

Classes unloaded (20 events):
Event: 1448.038 Thread 0x000001eb39f57d20 Unloading class 0x0000000800cc8000 'java/lang/invoke/LambdaForm$MH+0x0000000800cc8000'
Event: 1448.038 Thread 0x000001eb39f57d20 Unloading class 0x0000000800cb2000 'java/lang/invoke/LambdaForm$MH+0x0000000800cb2000'
Event: 1448.038 Thread 0x000001eb39f57d20 Unloading class 0x0000000800c91400 'java/lang/invoke/LambdaForm$MH+0x0000000800c91400'
Event: 1448.038 Thread 0x000001eb39f57d20 Unloading class 0x0000000800c91000 'java/lang/invoke/LambdaForm$MH+0x0000000800c91000'
Event: 1448.038 Thread 0x000001eb39f57d20 Unloading class 0x0000000800c90c00 'java/lang/invoke/LambdaForm$MH+0x0000000800c90c00'
Event: 1448.038 Thread 0x000001eb39f57d20 Unloading class 0x0000000800c90800 'java/lang/invoke/LambdaForm$MH+0x0000000800c90800'
Event: 1448.038 Thread 0x000001eb39f57d20 Unloading class 0x0000000800c80800 'java/lang/invoke/LambdaForm$MH+0x0000000800c80800'
Event: 1448.038 Thread 0x000001eb39f57d20 Unloading class 0x0000000800c80400 'java/lang/invoke/LambdaForm$MH+0x0000000800c80400'
Event: 1448.038 Thread 0x000001eb39f57d20 Unloading class 0x0000000800c80000 'java/lang/invoke/LambdaForm$MH+0x0000000800c80000'
Event: 1448.038 Thread 0x000001eb39f57d20 Unloading class 0x0000000800c1bc00 'java/lang/invoke/LambdaForm$MH+0x0000000800c1bc00'
Event: 1448.038 Thread 0x000001eb39f57d20 Unloading class 0x0000000800c1a800 'java/lang/invoke/LambdaForm$MH+0x0000000800c1a800'
Event: 1448.038 Thread 0x000001eb39f57d20 Unloading class 0x0000000800c1a400 'java/lang/invoke/LambdaForm$MH+0x0000000800c1a400'
Event: 1448.038 Thread 0x000001eb39f57d20 Unloading class 0x0000000800c19000 'java/lang/invoke/LambdaForm$MH+0x0000000800c19000'
Event: 1448.038 Thread 0x000001eb39f57d20 Unloading class 0x0000000800c18c00 'java/lang/invoke/LambdaForm$MH+0x0000000800c18c00'
Event: 1448.038 Thread 0x000001eb39f57d20 Unloading class 0x0000000800c18800 'java/lang/invoke/LambdaForm$MH+0x0000000800c18800'
Event: 1448.038 Thread 0x000001eb39f57d20 Unloading class 0x0000000800c09800 'java/lang/invoke/LambdaForm$MH+0x0000000800c09800'
Event: 1448.038 Thread 0x000001eb39f57d20 Unloading class 0x0000000800c09400 'java/lang/invoke/LambdaForm$MH+0x0000000800c09400'
Event: 1448.038 Thread 0x000001eb39f57d20 Unloading class 0x0000000800c06400 'java/lang/invoke/LambdaForm$MH+0x0000000800c06400'
Event: 1448.038 Thread 0x000001eb39f57d20 Unloading class 0x0000000800c06000 'java/lang/invoke/LambdaForm$MH+0x0000000800c06000'
Event: 1448.038 Thread 0x000001eb39f57d20 Unloading class 0x0000000800c01800 'java/lang/invoke/LambdaForm$MH+0x0000000800c01800'

Classes redefined (0 events):
No events

Internal exceptions (20 events):
Event: 72.304 Thread 0x000001eb3e4255a0 Exception <a 'java/lang/ArrayIndexOutOfBoundsException'{0x00000000c1f92758}> (0x00000000c1f92758) 
thrown [s\src\hotspot\share\runtime\sharedRuntime.cpp, line 630]
Event: 106.042 Thread 0x000001eb3e424060 Exception <a 'java/lang/IncompatibleClassChangeError'{0x00000000c31ef520}: Found class java.lang.Object, but interface was expected> (0x00000000c31ef520) 
thrown [s\src\hotspot\share\interpreter\linkResolver.cpp, line 841]
Event: 344.542 Thread 0x000001eb3e426ae0 Exception <a 'java/lang/NoSuchMethodError'{0x00000000c38dc960}: 'java.lang.Object java.lang.invoke.DirectMethodHandle$Holder.newInvokeSpecial(java.lang.Object, java.lang.Object, java.lang.Object, java.lang.Object, java.lang.Object, java.lang.Object, java.lang.Object, java.lang.Object)'> (0x00000000c38dc960) 
thrown [s\src\hotspot\share\interpreter\linkResolver.cpp, line 774]
Event: 1223.813 Thread 0x000001eb3e425af0 Implicit null exception at 0x000001eb2e7a616b to 0x000001eb2e7a7bd4
Event: 1223.813 Thread 0x000001eb3e425af0 Implicit null exception at 0x000001eb2e7a96f9 to 0x000001eb2e7aa1ec
Event: 1242.134 Thread 0x000001eb3eebb580 Implicit null exception at 0x000001eb2e7b51ec to 0x000001eb2e7b5b3c
Event: 1381.556 Thread 0x000001eb3e426590 Implicit null exception at 0x000001eb2e5db6c0 to 0x000001eb2e5ddb78
Event: 1381.556 Thread 0x000001eb3e426590 Implicit null exception at 0x000001eb2e5e1f1a to 0x000001eb2e5e4a7c
Event: 1392.783 Thread 0x000001eb3e424060 Implicit null exception at 0x000001eb2e5c2b77 to 0x000001eb2e5c4a40
Event: 1392.785 Thread 0x000001eb3e424060 Implicit null exception at 0x000001eb2e606f28 to 0x000001eb2e607ad4
Event: 1394.625 Thread 0x000001eb3eeb6b20 Implicit null exception at 0x000001eb2e59b098 to 0x000001eb2e59bbd4
Event: 1394.625 Thread 0x000001eb3eeb6b20 Implicit null exception at 0x000001eb2e5c6350 to 0x000001eb2e5c63ac
Event: 1394.627 Thread 0x000001eb3eeb6b20 Implicit null exception at 0x000001eb2e592878 to 0x000001eb2e594a68
Event: 1394.628 Thread 0x000001eb3eeb6b20 Implicit null exception at 0x000001eb2e7fe896 to 0x000001eb2e8005bc
Event: 1394.863 Thread 0x000001eb3eeb6b20 Implicit null exception at 0x000001eb2e67e75a to 0x000001eb2e67ec17
Event: 1394.867 Thread 0x000001eb3eeb6b20 Implicit null exception at 0x000001eb2e633348 to 0x000001eb2e636848
Event: 1397.965 Thread 0x000001eb3eeb6b20 Implicit null exception at 0x000001eb2e734800 to 0x000001eb2e738f40
Event: 5435.447 Thread 0x000001eb3e427030 Implicit null exception at 0x000001eb269a5b24 to 0x000001eb269a7e34
Event: 5435.447 Thread 0x000001eb3e427030 Exception <a 'java/lang/NullPointerException'{0x00000000c3124d68}> (0x00000000c3124d68) 
thrown [s\src\hotspot\share\runtime\sharedRuntime.cpp, line 630]
Event: 5435.483 Thread 0x000001eb3e427030 Implicit null exception at 0x000001eb2e557a63 to 0x000001eb2e557b2c

VM Operations (20 events):
Event: 4010.101 Executing VM operation: G1CollectForAllocation
Event: 4010.103 Executing VM operation: G1CollectForAllocation done
Event: 4279.534 Executing VM operation: Cleanup
Event: 4279.534 Executing VM operation: Cleanup done
Event: 4773.961 Executing VM operation: G1CollectForAllocation
Event: 4773.964 Executing VM operation: G1CollectForAllocation done
Event: 4873.640 Executing VM operation: Cleanup
Event: 4873.640 Executing VM operation: Cleanup done
Event: 4898.884 Executing VM operation: Cleanup
Event: 4898.884 Executing VM operation: Cleanup done
Event: 5144.595 Executing VM operation: Cleanup
Event: 5144.595 Executing VM operation: Cleanup done
Event: 5206.637 Executing VM operation: Cleanup
Event: 5206.637 Executing VM operation: Cleanup done
Event: 5435.482 Executing VM operation: HandshakeAllThreads
Event: 5435.482 Executing VM operation: HandshakeAllThreads done
Event: 5435.646 Executing VM operation: HandshakeAllThreads
Event: 5435.646 Executing VM operation: HandshakeAllThreads done
Event: 5435.646 Executing VM operation: Cleanup
Event: 5435.646 Executing VM operation: Cleanup done

Events (20 events):
Event: 1397.982 Thread 0x000001eb3e186280 flushing nmethod 0x000001eb27323890
Event: 1397.982 Thread 0x000001eb3e186280 flushing nmethod 0x000001eb27326410
Event: 1397.982 Thread 0x000001eb3e186280 flushing nmethod 0x000001eb27326b10
Event: 1397.982 Thread 0x000001eb3e186280 flushing nmethod 0x000001eb27327510
Event: 1397.982 Thread 0x000001eb3e186280 flushing nmethod 0x000001eb27328890
Event: 1397.982 Thread 0x000001eb3e186280 flushing nmethod 0x000001eb27329210
Event: 1397.982 Thread 0x000001eb3e186280 flushing nmethod 0x000001eb2732a010
Event: 1397.982 Thread 0x000001eb3e186280 flushing nmethod 0x000001eb2732aa90
Event: 1397.982 Thread 0x000001eb3e186280 flushing nmethod 0x000001eb2732ba10
Event: 1397.982 Thread 0x000001eb3e186280 flushing nmethod 0x000001eb2732d510
Event: 1397.982 Thread 0x000001eb3e186280 flushing nmethod 0x000001eb27375090
Event: 1397.982 Thread 0x000001eb3e186280 flushing nmethod 0x000001eb27375910
Event: 1850.050 Thread 0x000001eb3e426590 Thread exited: 0x000001eb3e426590
Event: 2123.832 Thread 0x000001eb3eeb9af0 Thread added: 0x000001eb3eeb9af0
Event: 2192.386 Thread 0x000001eb3e425af0 Thread exited: 0x000001eb3e425af0
Event: 3405.612 Thread 0x000001eb3eebb580 Thread exited: 0x000001eb3eebb580
Event: 3979.381 Thread 0x000001eb3eeba590 Thread added: 0x000001eb3eeba590
Event: 5432.469 Thread 0x000001eb3eeb9af0 Thread exited: 0x000001eb3eeb9af0
Event: 5435.930 Thread 0x000001eb3eeb45f0 Thread added: 0x000001eb3eeb45f0
Event: 5435.957 Thread 0x000001eb3eeb4b40 Thread added: 0x000001eb3eeb4b40


Dynamic libraries:
0x00007ff776290000 - 0x00007ff77629e000 	C:\Users\samia\.pydev_vscode\java19\jdk-19.0.2+7-jre\bin\java.exe
0x00007ffe1e590000 - 0x00007ffe1e7a7000 	C:\WINDOWS\SYSTEM32\ntdll.dll
0x00007ffe1d1c0000 - 0x00007ffe1d284000 	C:\WINDOWS\System32\KERNEL32.DLL
0x00007ffe1b910000 - 0x00007ffe1bcb6000 	C:\WINDOWS\System32\KERNELBASE.dll
0x00007ffe1bf20000 - 0x00007ffe1c031000 	C:\WINDOWS\System32\ucrtbase.dll
0x00007ffd966a0000 - 0x00007ffd966b7000 	C:\Users\samia\.pydev_vscode\java19\jdk-19.0.2+7-jre\bin\jli.dll
0x00007ffe1e090000 - 0x00007ffe1e23d000 	C:\WINDOWS\System32\USER32.dll
0x00007ffe1c040000 - 0x00007ffe1c066000 	C:\WINDOWS\System32\win32u.dll
0x00007ffe1d4e0000 - 0x00007ffe1d509000 	C:\WINDOWS\System32\GDI32.dll
0x00007ffe1c130000 - 0x00007ffe1c248000 	C:\WINDOWS\System32\gdi32full.dll
0x00007ffe1c250000 - 0x00007ffe1c2ea000 	C:\WINDOWS\System32\msvcp_win.dll
0x00007ffe09310000 - 0x00007ffe095a3000 	C:\WINDOWS\WinSxS\amd64_microsoft.windows.common-controls_6595b64144ccf1df_6.0.22621.2361_none_2712ced57382f843\COMCTL32.dll
0x00007ffe1c540000 - 0x00007ffe1c5e7000 	C:\WINDOWS\System32\msvcrt.dll
0x00007ffd96680000 - 0x00007ffd96699000 	C:\Users\samia\.pydev_vscode\java19\jdk-19.0.2+7-jre\bin\VCRUNTIME140.dll
0x00007ffe1c670000 - 0x00007ffe1c6a1000 	C:\WINDOWS\System32\IMM32.DLL
0x00007ffdf5b50000 - 0x00007ffdf5b5c000 	C:\Users\samia\.pydev_vscode\java19\jdk-19.0.2+7-jre\bin\vcruntime140_1.dll
0x00007ffd965e0000 - 0x00007ffd96671000 	C:\Users\samia\.pydev_vscode\java19\jdk-19.0.2+7-jre\bin\msvcp140.dll
0x00007ffd4f460000 - 0x00007ffd50151000 	C:\Users\samia\.pydev_vscode\java19\jdk-19.0.2+7-jre\bin\server\jvm.dll
0x00007ffe1e240000 - 0x00007ffe1e2f0000 	C:\WINDOWS\System32\ADVAPI32.dll
0x00007ffe1d430000 - 0x00007ffe1d4d6000 	C:\WINDOWS\System32\sechost.dll
0x00007ffe1df70000 - 0x00007ffe1e087000 	C:\WINDOWS\System32\RPCRT4.dll
0x00007ffdfc1a0000 - 0x00007ffdfc1a9000 	C:\WINDOWS\SYSTEM32\WSOCK32.dll
0x00007ffe1d580000 - 0x00007ffe1d5f1000 	C:\WINDOWS\System32\WS2_32.dll
0x00007ffe14640000 - 0x00007ffe14674000 	C:\WINDOWS\SYSTEM32\WINMM.dll
0x00007ffe11de0000 - 0x00007ffe11dea000 	C:\WINDOWS\SYSTEM32\VERSION.dll
0x00007ffe1a950000 - 0x00007ffe1a968000 	C:\WINDOWS\SYSTEM32\kernel.appcore.dll
0x00007ffde3060000 - 0x00007ffde306a000 	C:\Users\samia\.pydev_vscode\java19\jdk-19.0.2+7-jre\bin\jimage.dll
0x00007ffe194b0000 - 0x00007ffe196de000 	C:\WINDOWS\SYSTEM32\DBGHELP.DLL
0x00007ffe1c760000 - 0x00007ffe1caea000 	C:\WINDOWS\System32\combase.dll
0x00007ffe1d0e0000 - 0x00007ffe1d1b7000 	C:\WINDOWS\System32\OLEAUT32.dll
0x00007ffe06bd0000 - 0x00007ffe06c02000 	C:\WINDOWS\SYSTEM32\dbgcore.DLL
0x00007ffe1bea0000 - 0x00007ffe1bf1a000 	C:\WINDOWS\System32\bcryptPrimitives.dll
0x00007ffd96540000 - 0x00007ffd96566000 	C:\Users\samia\.pydev_vscode\java19\jdk-19.0.2+7-jre\bin\java.dll
0x00007ffd96460000 - 0x00007ffd96536000 	C:\Users\samia\.pydev_vscode\java19\jdk-19.0.2+7-jre\bin\jsvml.dll
0x00007ffe1d700000 - 0x00007ffe1df58000 	C:\WINDOWS\System32\SHELL32.dll
0x00007ffe19840000 - 0x00007ffe1a132000 	C:\WINDOWS\SYSTEM32\windows.storage.dll
0x00007ffe19700000 - 0x00007ffe1983e000 	C:\WINDOWS\SYSTEM32\wintypes.dll
0x00007ffe1d600000 - 0x00007ffe1d6f3000 	C:\WINDOWS\System32\SHCORE.dll
0x00007ffe1d520000 - 0x00007ffe1d57e000 	C:\WINDOWS\System32\shlwapi.dll
0x00007ffe1b840000 - 0x00007ffe1b866000 	C:\WINDOWS\SYSTEM32\profapi.dll
0x00007ffd965c0000 - 0x00007ffd965d3000 	C:\Users\samia\.pydev_vscode\java19\jdk-19.0.2+7-jre\bin\net.dll
0x00007ffe144f0000 - 0x00007ffe14627000 	C:\WINDOWS\SYSTEM32\WINHTTP.dll
0x00007ffe1add0000 - 0x00007ffe1ae39000 	C:\WINDOWS\system32\mswsock.dll
0x00007ffd96440000 - 0x00007ffd96456000 	C:\Users\samia\.pydev_vscode\java19\jdk-19.0.2+7-jre\bin\nio.dll
0x00007ffd96420000 - 0x00007ffd96438000 	C:\Users\samia\.pydev_vscode\java19\jdk-19.0.2+7-jre\bin\zip.dll
0x00007ffd963e0000 - 0x00007ffd9641e000 	C:\Users\samia\.vscode\extensions\fabioz.vscode-pydev-0.4.0\server\plugins\org.eclipse.equinox.launcher.win32.win32.x86_64_1.2.700.v20221108-1024\eclipse_11801.dll
0x00007ffe1d290000 - 0x00007ffe1d42f000 	C:\WINDOWS\System32\ole32.dll
0x0000000180000000 - 0x0000000180012000 	C:\Users\samia\.vscode\extensions\fabioz.vscode-pydev-0.4.0\server\config_win\org.eclipse.osgi\15\0\.cp\os\win32\x86_64\localfile_1_0_0.dll
0x00007ffd96760000 - 0x00007ffd9677b000 	C:\Users\samia\.vscode\extensions\fabioz.vscode-pydev-0.4.0\server\config_win\org.eclipse.osgi\18\0\.cp\os\win32\x86_64\win32refresh.dll
0x00007ffe1b040000 - 0x00007ffe1b04c000 	C:\WINDOWS\SYSTEM32\CRYPTBASE.DLL

dbghelp: loaded successfully - version: 4.0.5 - missing functions: none
symbol engine: initialized successfully - sym options: 0x614 - pdb path: .;C:\Users\samia\.pydev_vscode\java19\jdk-19.0.2+7-jre\bin;C:\WINDOWS\SYSTEM32;C:\WINDOWS\WinSxS\amd64_microsoft.windows.common-controls_6595b64144ccf1df_6.0.22621.2361_none_2712ced57382f843;C:\Users\samia\.pydev_vscode\java19\jdk-19.0.2+7-jre\bin\server;C:\Users\samia\.vscode\extensions\fabioz.vscode-pydev-0.4.0\server\plugins\org.eclipse.equinox.launcher.win32.win32.x86_64_1.2.700.v20221108-1024;C:\Users\samia\.vscode\extensions\fabioz.vscode-pydev-0.4.0\server\config_win\org.eclipse.osgi\15\0\.cp\os\win32\x86_64;C:\Users\samia\.vscode\extensions\fabioz.vscode-pydev-0.4.0\server\config_win\org.eclipse.osgi\18\0\.cp\os\win32\x86_64

VM Arguments:
jvm_args: --add-modules=ALL-SYSTEM --add-opens=java.base/java.util=ALL-UNNAMED --add-opens=java.base/java.lang=ALL-UNNAMED -Declipse.application=org.python.pydev.pydev_lsp.application -Dosgi.bundles.defaultStartLevel=4 -Declipse.product=org.python.pydev.pydev_lsp.product -Xmx1G -XX:+UseG1GC -XX:+UseStringDeduplication 
java_command: c:\Users\samia\.vscode\extensions\fabioz.vscode-pydev-0.4.0\server\plugins\org.eclipse.equinox.launcher_1.6.400.v20210924-0641.jar -configuration c:\Users\samia\.vscode\extensions\fabioz.vscode-pydev-0.4.0\server\config_win -data c:\Users\samia\AppData\Roaming\Code\User\workspaceStorage\61dedd90b3c849f83ae47d194b973205\fabioz.vscode-pydev\pydev_ws
java_class_path (initial): c:\Users\samia\.vscode\extensions\fabioz.vscode-pydev-0.4.0\server\plugins\org.eclipse.equinox.launcher_1.6.400.v20210924-0641.jar
Launcher Type: SUN_STANDARD

[Global flags]
     intx CICompilerCount                          = 2                                         {product} {ergonomic}
     uint ConcGCThreads                            = 1                                         {product} {ergonomic}
     uint G1ConcRefinementThreads                  = 2                                         {product} {ergonomic}
   size_t G1HeapRegionSize                         = 1048576                                   {product} {ergonomic}
    uintx GCDrainStackTargetSize                   = 64                                        {product} {ergonomic}
   size_t InitialHeapSize                          = 301989888                                 {product} {ergonomic}
   size_t MarkStackSize                            = 4194304                                   {product} {ergonomic}
   size_t MaxHeapSize                              = 1073741824                                {product} {command line}
   size_t MaxNewSize                               = 643825664                                 {product} {ergonomic}
   size_t MinHeapDeltaBytes                        = 1048576                                   {product} {ergonomic}
   size_t MinHeapSize                              = 8388608                                   {product} {ergonomic}
    uintx NonNMethodCodeHeapSize                   = 5826188                                {pd product} {ergonomic}
    uintx NonProfiledCodeHeapSize                  = 122916026                              {pd product} {ergonomic}
    uintx ProfiledCodeHeapSize                     = 122916026                              {pd product} {ergonomic}
    uintx ReservedCodeCacheSize                    = 251658240                              {pd product} {ergonomic}
     bool SegmentedCodeCache                       = true                                      {product} {ergonomic}
   size_t SoftMaxHeapSize                          = 1073741824                             {manageable} {ergonomic}
     bool UseCompressedClassPointers               = true                           {product lp64_product} {ergonomic}
     bool UseCompressedOops                        = true                           {product lp64_product} {ergonomic}
     bool UseG1GC                                  = true                                      {product} {command line}
     bool UseLargePagesIndividualAllocation        = false                                  {pd product} {ergonomic}
     bool UseStringDeduplication                   = true                                      {product} {command line}

Logging:
Log output configuration:
 #0: stdout all=warning uptime,level,tags foldmultilines=false
 #1: stderr all=off uptime,level,tags foldmultilines=false

Environment Variables:
PATH=C:\Program Files\Microsoft\jdk-11.0.16.101-hotspot\bin;C:\WINDOWS\system32;C:\WINDOWS;C:\WINDOWS\System32\Wbem;C:\WINDOWS\System32\WindowsPowerShell\v1.0\;C:\WINDOWS\System32\OpenSSH\;C:\Program Files\Microsoft VS Code\bin;C:\Program Files\Git\cmd;C:\Users\samia\AppData\Local\Programs\Python\Python312;C:\Users\samia\AppData\Local\Programs\Python\Python312\Scripts;C:\Users\samia\AppData\Roaming\Python\Scripts;C:\Program Files (x86)\Windows Kits\10\Windows Performance Toolkit\;C:\Program Files (x86)\Incredibuild;C:\Program Files (x86)\Microsoft Visual Studio\Shared\Python39_64\Scripts;C:\Program Files\Microsoft SQL Server\150\Tools\Binn\;C:\Program Files\Microsoft SQL Server\Client SDK\ODBC\170\Tools\Binn\;C:\Program Files\dotnet\;C:\Users\samia\AppData\Local\Programs\Python\Python310\Scripts\;C:\Users\samia\AppData\Local\Programs\Python\Python310\;C:\Users\samia\AppData\Local\Programs\Python\Python39\Scripts\;C:\Users\samia\AppData\Local\Programs\Python\Python39\;C:\Users\samia\.cargo\bin;C:\Users\samia\AppData\Local\Microsoft\WindowsApps;C:\Users\samia\.dotnet\tools;C:\Users\samia\.dotnet\tools
USERNAME=samia
OS=Windows_NT
PROCESSOR_IDENTIFIER=AMD64 Family 23 Model 24 Stepping 1, AuthenticAMD
TMP=C:\Users\samia\AppData\Local\Temp
TEMP=C:\Users\samia\AppData\Local\Temp



---------------  S Y S T E M  ---------------

OS:
 Windows 11 , 64 bit Build 22621 (10.0.22621.2428)
OS uptime: 0 days 15:10 hours

CPU: total 2 (initial active 2) (2 cores per cpu, 1 threads per core) family 23 model 24 stepping 1 microcode 0x0, cx8, cmov, fxsr, mmx, 3dnowpref, sse, sse2, sse3, ssse3, sse4a, sse4.1, sse4.2, popcnt, lzcnt, tsc, tscinvbit, avx, avx2, aes, clmul, bmi1, bmi2, adx, sha, fma, vzeroupper, clflush, clflushopt, rdtscp

Memory: 4k page, system-wide physical 18366M (565M free)
TotalPageFile size 25525M (AvailPageFile size 3M)
current process WorkingSet (physical memory assigned to process): 187M, peak: 281M
current process commit charge ("private bytes"): 225M, peak: 424M

vm_info: OpenJDK 64-Bit Server VM (19.0.2+7) for windows-amd64 JRE (19.0.2+7), built on 2023-01-17T00:00:00Z by "temurin" with MS VC++ 16.7 (VS2019)

END.
