#
# There is insufficient memory for the Java Runtime Environment to continue.
# Native memory allocation (mmap) failed to map 301989888 bytes for G1 virtual space
# Possible reasons:
#   The system is out of physical RAM or swap space
#   The process is running with CompressedOops enabled, and the Java Heap may be blocking the growth of the native heap
# Possible solutions:
#   Reduce memory load on the system
#   Increase physical memory or swap space
#   Check if swap backing store is full
#   Decrease Java heap size (-Xmx/-Xms)
#   Decrease number of Java threads
#   Decrease Java thread stack sizes (-Xss)
#   Set larger code cache with -XX:ReservedCodeCacheSize=
#   JVM is running with Unscaled Compressed Oops mode in which the Java heap is
#     placed in the first 4GB address space. The Java Heap base address is the
#     maximum limit for the native heap growth. Please use -XX:HeapBaseMinAddress
#     to set the Java Heap base and to place the Java Heap above 4GB virtual address.
# This output file may be truncated or incomplete.
#
#  Out of Memory Error (os_windows.cpp:3536), pid=23148, tid=6796
#
# JRE version:  (19.0.2+7) (build )
# Java VM: OpenJDK 64-Bit Server VM (19.0.2+7, mixed mode, sharing, tiered, compressed oops, compressed class ptrs, g1 gc, windows-amd64)
# No core dump will be written. Minidumps are not enabled by default on client versions of Windows
#

---------------  S U M M A R Y ------------

Command Line: --add-modules=ALL-SYSTEM --add-opens=java.base/java.util=ALL-UNNAMED --add-opens=java.base/java.lang=ALL-UNNAMED -Declipse.application=org.python.pydev.pydev_lsp.application -Dosgi.bundles.defaultStartLevel=4 -Declipse.product=org.python.pydev.pydev_lsp.product -Xmx1G -XX:+UseG1GC -XX:+UseStringDeduplication c:\Users\samia\.vscode\extensions\fabioz.vscode-pydev-0.4.0\server\plugins\org.eclipse.equinox.launcher_1.6.400.v20210924-0641.jar -configuration c:\Users\samia\.vscode\extensions\fabioz.vscode-pydev-0.4.0\server\config_win -data c:\Users\samia\AppData\Roaming\Code\User\workspaceStorage\61dedd90b3c849f83ae47d194b973205\fabioz.vscode-pydev\pydev_ws

Host: AMD Athlon Silver 3050U with Radeon Graphics   , 2 cores, 17G,  Windows 11 , 64 bit Build 22621 (10.0.22621.2428)
Time: Fri Oct 27 02:15:55 2023 Pacific Daylight Time elapsed time: 0.045542 seconds (0d 0h 0m 0s)

---------------  T H R E A D  ---------------

Current thread (0x000002859317e390):  JavaThread "Unknown thread" [_thread_in_vm, id=6796, stack(0x000000990cf00000,0x000000990d000000)]

Stack: [0x000000990cf00000,0x000000990d000000]
Native frames: (J=compiled Java code, j=interpreted, Vv=VM code, C=native code)
V  [jvm.dll+0x6e9e1a]
V  [jvm.dll+0x8a36c0]
V  [jvm.dll+0x8a50ae]
V  [jvm.dll+0x8a5763]
V  [jvm.dll+0x27bcdf]
V  [jvm.dll+0x6e6b39]
V  [jvm.dll+0x6db58a]
V  [jvm.dll+0x35267b]
V  [jvm.dll+0x35a106]
V  [jvm.dll+0x3b070e]
V  [jvm.dll+0x3b093f]
V  [jvm.dll+0x327c4a]
V  [jvm.dll+0x328aee]
V  [jvm.dll+0x86e230]
V  [jvm.dll+0x3bdb31]
V  [jvm.dll+0x84eb31]
V  [jvm.dll+0x44583f]
V  [jvm.dll+0x447321]
C  [jli.dll+0x5267]
C  [ucrtbase.dll+0x29363]
C  [KERNEL32.DLL+0x1257d]
C  [ntdll.dll+0x5aa78]


---------------  P R O C E S S  ---------------

Threads class SMR info:
_java_thread_list=0x00007ffdd63e05a8, length=0, elements={
}

Java Threads: ( => current thread )

Other Threads:
  0x00000285931bdba0 WorkerThread "GC Thread#0" [stack: 0x0000000000000000,0x0000000000000000] [id=21684]
  0x00000285931c6b00 ConcurrentGCThread "G1 Main Marker" [stack: 0x000000990d200000,0x000000990d300000] [id=17100]
  0x00000285931c7530 WorkerThread "G1 Conc#0" [stack: 0x0000000000000000,0x0000000000000000] [id=17496]

[error occurred during error reporting (printing all threads), id 0xc0000005, EXCEPTION_ACCESS_VIOLATION (0xc0000005) at pc=0x00007ffdd5b68687]

VM state: not at safepoint (not fully initialized)

VM Mutex/Monitor currently owned by a thread:  ([mutex/lock_event])
[0x0000028593178680] Heap_lock - owner thread: 0x000002859317e390

Heap address: 0x00000000c0000000, size: 1024 MB, Compressed Oops mode: 32-bit

CDS archive(s) mapped at: [0x0000000000000000-0x0000000000000000-0x0000000000000000), size 0, SharedBaseAddress: 0x0000000800000000, ArchiveRelocationMode: 0.
Narrow klass base: 0x0000000000000000, Narrow klass shift: 0, Narrow klass range: 0x0

GC Precious Log:
 CardTable entry size: 512
 Card Set container configuration: InlinePtr #cards 5 size 8 Array Of Cards #cards 12 size 40 Howl #buckets 4 coarsen threshold 1843 Howl Bitmap #cards 512 size 80 coarsen threshold 460 Card regions per heap region 1 cards per card region 2048

Heap:
 garbage-first heap   total 0K, used 0K [0x00000000c0000000, 0x0000000100000000)
  region size 1024K, 0 young (0K), 0 survivors (0K)

[error occurred during error reporting (printing heap information), id 0xc0000005, EXCEPTION_ACCESS_VIOLATION (0xc0000005) at pc=0x00007ffdd5f72899]

GC Heap History (0 events):
No events

Dll operation events (1 events):
Event: 0.028 Loaded shared library C:\Users\samia\.pydev_vscode\java19\jdk-19.0.2+7-jre\bin\java.dll

Deoptimization events (0 events):
No events

Classes loaded (0 events):
No events

Classes unloaded (0 events):
No events

Classes redefined (0 events):
No events

Internal exceptions (0 events):
No events

VM Operations (0 events):
No events

Events (0 events):
No events


Dynamic libraries:
0x00007ff776290000 - 0x00007ff77629e000 	C:\Users\samia\.pydev_vscode\java19\jdk-19.0.2+7-jre\bin\java.exe
0x00007ffe1e590000 - 0x00007ffe1e7a7000 	C:\WINDOWS\SYSTEM32\ntdll.dll
0x00007ffe1d1c0000 - 0x00007ffe1d284000 	C:\WINDOWS\System32\KERNEL32.DLL
0x00007ffe1b910000 - 0x00007ffe1bcb6000 	C:\WINDOWS\System32\KERNELBASE.dll
0x00007ffe1bf20000 - 0x00007ffe1c031000 	C:\WINDOWS\System32\ucrtbase.dll
0x00007ffe15710000 - 0x00007ffe15727000 	C:\Users\samia\.pydev_vscode\java19\jdk-19.0.2+7-jre\bin\jli.dll
0x00007ffe1e090000 - 0x00007ffe1e23d000 	C:\WINDOWS\System32\USER32.dll
0x00007ffe1c040000 - 0x00007ffe1c066000 	C:\WINDOWS\System32\win32u.dll
0x00007ffe1d4e0000 - 0x00007ffe1d509000 	C:\WINDOWS\System32\GDI32.dll
0x00007ffe1c130000 - 0x00007ffe1c248000 	C:\WINDOWS\System32\gdi32full.dll
0x00007ffe1c250000 - 0x00007ffe1c2ea000 	C:\WINDOWS\System32\msvcp_win.dll
0x00007ffe14730000 - 0x00007ffe14749000 	C:\Users\samia\.pydev_vscode\java19\jdk-19.0.2+7-jre\bin\VCRUNTIME140.dll
0x00007ffe09310000 - 0x00007ffe095a3000 	C:\WINDOWS\WinSxS\amd64_microsoft.windows.common-controls_6595b64144ccf1df_6.0.22621.2361_none_2712ced57382f843\COMCTL32.dll
0x00007ffe1c540000 - 0x00007ffe1c5e7000 	C:\WINDOWS\System32\msvcrt.dll
0x00007ffe1c670000 - 0x00007ffe1c6a1000 	C:\WINDOWS\System32\IMM32.DLL
0x00007ffe15b00000 - 0x00007ffe15b0c000 	C:\Users\samia\.pydev_vscode\java19\jdk-19.0.2+7-jre\bin\vcruntime140_1.dll
0x00007ffdf24e0000 - 0x00007ffdf2571000 	C:\Users\samia\.pydev_vscode\java19\jdk-19.0.2+7-jre\bin\msvcp140.dll
0x00007ffdd5830000 - 0x00007ffdd6521000 	C:\Users\samia\.pydev_vscode\java19\jdk-19.0.2+7-jre\bin\server\jvm.dll
0x00007ffe1e240000 - 0x00007ffe1e2f0000 	C:\WINDOWS\System32\ADVAPI32.dll
0x00007ffe1d430000 - 0x00007ffe1d4d6000 	C:\WINDOWS\System32\sechost.dll
0x00007ffe1df70000 - 0x00007ffe1e087000 	C:\WINDOWS\System32\RPCRT4.dll
0x00007ffdfc1a0000 - 0x00007ffdfc1a9000 	C:\WINDOWS\SYSTEM32\WSOCK32.dll
0x00007ffe1d580000 - 0x00007ffe1d5f1000 	C:\WINDOWS\System32\WS2_32.dll
0x00007ffe14640000 - 0x00007ffe14674000 	C:\WINDOWS\SYSTEM32\WINMM.dll
0x00007ffe11de0000 - 0x00007ffe11dea000 	C:\WINDOWS\SYSTEM32\VERSION.dll
0x00007ffe1a950000 - 0x00007ffe1a968000 	C:\WINDOWS\SYSTEM32\kernel.appcore.dll
0x00007ffe14ed0000 - 0x00007ffe14eda000 	C:\Users\samia\.pydev_vscode\java19\jdk-19.0.2+7-jre\bin\jimage.dll
0x00007ffe194b0000 - 0x00007ffe196de000 	C:\WINDOWS\SYSTEM32\DBGHELP.DLL
0x00007ffe1c760000 - 0x00007ffe1caea000 	C:\WINDOWS\System32\combase.dll
0x00007ffe1d0e0000 - 0x00007ffe1d1b7000 	C:\WINDOWS\System32\OLEAUT32.dll
0x00007ffe06bd0000 - 0x00007ffe06c02000 	C:\WINDOWS\SYSTEM32\dbgcore.DLL
0x00007ffe1bea0000 - 0x00007ffe1bf1a000 	C:\WINDOWS\System32\bcryptPrimitives.dll
0x00007ffdfa070000 - 0x00007ffdfa096000 	C:\Users\samia\.pydev_vscode\java19\jdk-19.0.2+7-jre\bin\java.dll

dbghelp: loaded successfully - version: 4.0.5 - missing functions: none
symbol engine: initialized successfully - sym options: 0x614 - pdb path: .;C:\Users\samia\.pydev_vscode\java19\jdk-19.0.2+7-jre\bin;C:\WINDOWS\SYSTEM32;C:\WINDOWS\WinSxS\amd64_microsoft.windows.common-controls_6595b64144ccf1df_6.0.22621.2361_none_2712ced57382f843;C:\Users\samia\.pydev_vscode\java19\jdk-19.0.2+7-jre\bin\server

VM Arguments:
jvm_args: --add-modules=ALL-SYSTEM --add-opens=java.base/java.util=ALL-UNNAMED --add-opens=java.base/java.lang=ALL-UNNAMED -Declipse.application=org.python.pydev.pydev_lsp.application -Dosgi.bundles.defaultStartLevel=4 -Declipse.product=org.python.pydev.pydev_lsp.product -Xmx1G -XX:+UseG1GC -XX:+UseStringDeduplication 
java_command: c:\Users\samia\.vscode\extensions\fabioz.vscode-pydev-0.4.0\server\plugins\org.eclipse.equinox.launcher_1.6.400.v20210924-0641.jar -configuration c:\Users\samia\.vscode\extensions\fabioz.vscode-pydev-0.4.0\server\config_win -data c:\Users\samia\AppData\Roaming\Code\User\workspaceStorage\61dedd90b3c849f83ae47d194b973205\fabioz.vscode-pydev\pydev_ws
java_class_path (initial): c:\Users\samia\.vscode\extensions\fabioz.vscode-pydev-0.4.0\server\plugins\org.eclipse.equinox.launcher_1.6.400.v20210924-0641.jar
Launcher Type: SUN_STANDARD

[Global flags]
     intx CICompilerCount                          = 2                                         {product} {ergonomic}
     uint ConcGCThreads                            = 1                                         {product} {ergonomic}
     uint G1ConcRefinementThreads                  = 2                                         {product} {ergonomic}
   size_t G1HeapRegionSize                         = 1048576                                   {product} {ergonomic}
    uintx GCDrainStackTargetSize                   = 64                                        {product} {ergonomic}
   size_t InitialHeapSize                          = 301989888                                 {product} {ergonomic}
   size_t MarkStackSize                            = 4194304                                   {product} {ergonomic}
   size_t MaxHeapSize                              = 1073741824                                {product} {command line}
   size_t MinHeapDeltaBytes                        = 1048576                                   {product} {ergonomic}
   size_t MinHeapSize                              = 8388608                                   {product} {ergonomic}
    uintx NonNMethodCodeHeapSize                   = 5826188                                {pd product} {ergonomic}
    uintx NonProfiledCodeHeapSize                  = 122916026                              {pd product} {ergonomic}
    uintx ProfiledCodeHeapSize                     = 122916026                              {pd product} {ergonomic}
    uintx ReservedCodeCacheSize                    = 251658240                              {pd product} {ergonomic}
     bool SegmentedCodeCache                       = true                                      {product} {ergonomic}
   size_t SoftMaxHeapSize                          = 1073741824                             {manageable} {ergonomic}
     bool UseCompressedClassPointers               = true                           {product lp64_product} {ergonomic}
     bool UseCompressedOops                        = true                           {product lp64_product} {ergonomic}
     bool UseG1GC                                  = true                                      {product} {command line}
     bool UseLargePagesIndividualAllocation        = false                                  {pd product} {ergonomic}
     bool UseStringDeduplication                   = true                                      {product} {command line}

Logging:
Log output configuration:
 #0: stdout all=warning uptime,level,tags foldmultilines=false
 #1: stderr all=off uptime,level,tags foldmultilines=false

Environment Variables:
PATH=C:\Program Files\Microsoft\jdk-11.0.16.101-hotspot\bin;C:\WINDOWS\system32;C:\WINDOWS;C:\WINDOWS\System32\Wbem;C:\WINDOWS\System32\WindowsPowerShell\v1.0\;C:\WINDOWS\System32\OpenSSH\;C:\Program Files\Microsoft VS Code\bin;C:\Program Files\Git\cmd;C:\Users\samia\AppData\Local\Programs\Python\Python312;C:\Users\samia\AppData\Local\Programs\Python\Python312\Scripts;C:\Users\samia\AppData\Roaming\Python\Scripts;C:\Program Files (x86)\Windows Kits\10\Windows Performance Toolkit\;C:\Program Files (x86)\Incredibuild;C:\Program Files (x86)\Microsoft Visual Studio\Shared\Python39_64\Scripts;C:\Program Files\Microsoft SQL Server\150\Tools\Binn\;C:\Program Files\Microsoft SQL Server\Client SDK\ODBC\170\Tools\Binn\;C:\Program Files\dotnet\;C:\Users\samia\AppData\Local\Programs\Python\Python310\Scripts\;C:\Users\samia\AppData\Local\Programs\Python\Python310\;C:\Users\samia\AppData\Local\Programs\Python\Python39\Scripts\;C:\Users\samia\AppData\Local\Programs\Python\Python39\;C:\Users\samia\.cargo\bin;C:\Users\samia\AppData\Local\Microsoft\WindowsApps;C:\Users\samia\.dotnet\tools;C:\Users\samia\.dotnet\tools
USERNAME=samia
OS=Windows_NT
PROCESSOR_IDENTIFIER=AMD64 Family 23 Model 24 Stepping 1, AuthenticAMD
TMP=C:\Users\samia\AppData\Local\Temp
TEMP=C:\Users\samia\AppData\Local\Temp



---------------  S Y S T E M  ---------------

OS:
 Windows 11 , 64 bit Build 22621 (10.0.22621.2428)
OS uptime: 0 days 15:10 hours

CPU: total 2 (initial active 2) (2 cores per cpu, 1 threads per core) family 23 model 24 stepping 1 microcode 0x0, cx8, cmov, fxsr, mmx, 3dnowpref, sse, sse2, sse3, ssse3, sse4a, sse4.1, sse4.2, popcnt, lzcnt, tsc, tscinvbit, avx, avx2, aes, clmul, bmi1, bmi2, adx, sha, fma, vzeroupper, clflush, clflushopt, rdtscp

Memory: 4k page, system-wide physical 18366M (658M free)
TotalPageFile size 25525M (AvailPageFile size 94M)
current process WorkingSet (physical memory assigned to process): 11M, peak: 11M
current process commit charge ("private bytes"): 47M, peak: 335M

vm_info: OpenJDK 64-Bit Server VM (19.0.2+7) for windows-amd64 JRE (19.0.2+7), built on 2023-01-17T00:00:00Z by "temurin" with MS VC++ 16.7 (VS2019)

END.
